DEBUG 2021-10-06 10:19:05,843 utils (0.000) 
            SELECT name, type FROM sqlite_master
            WHERE type in ('table', 'view') AND NOT name='sqlite_sequence'
            ORDER BY name; args=None
DEBUG 2021-10-06 10:19:05,846 utils (0.000) SELECT "django_migrations"."id", "django_migrations"."app", "django_migrations"."name", "django_migrations"."applied" FROM "django_migrations"; args=()
DEBUG 2021-10-06 10:22:15,278 utils (0.000) 
            SELECT name, type FROM sqlite_master
            WHERE type in ('table', 'view') AND NOT name='sqlite_sequence'
            ORDER BY name; args=None
DEBUG 2021-10-06 10:22:15,288 utils (0.000) SELECT "django_migrations"."id", "django_migrations"."app", "django_migrations"."name", "django_migrations"."applied" FROM "django_migrations"; args=()
DEBUG 2021-10-06 10:22:34,309 utils (0.000) SELECT "cities_city"."id", "cities_city"."name" FROM "cities_city" WHERE "cities_city"."id" = 5 LIMIT 21; args=(5,)
DEBUG 2021-10-06 10:22:34,309 utils (0.000) SELECT "cities_city"."id", "cities_city"."name" FROM "cities_city" WHERE "cities_city"."id" = 6 LIMIT 21; args=(6,)
DEBUG 2021-10-06 10:22:34,310 utils (0.000) SELECT "trains_train"."id", "trains_train"."name", "trains_train"."travel_time", "trains_train"."from_city_id", "trains_train"."to_city_id" FROM "trains_train" ORDER BY "trains_train"."travel_time" ASC; args=()
DEBUG 2021-10-06 10:22:34,334 utils (0.000) SELECT "cities_city"."id", "cities_city"."name" FROM "cities_city" ORDER BY "cities_city"."name" ASC; args=()
DEBUG 2021-10-06 10:22:34,341 utils (0.000) SELECT "cities_city"."id", "cities_city"."name" FROM "cities_city" ORDER BY "cities_city"."name" ASC; args=()
DEBUG 2021-10-06 10:22:34,345 utils (0.000) SELECT "cities_city"."id", "cities_city"."name" FROM "cities_city" ORDER BY "cities_city"."name" ASC; args=()
DEBUG 2021-10-06 10:22:41,105 utils (0.000) SELECT "cities_city"."id", "cities_city"."name" FROM "cities_city" WHERE "cities_city"."id" = 5 LIMIT 21; args=(5,)
DEBUG 2021-10-06 10:22:41,105 utils (0.000) SELECT "cities_city"."id", "cities_city"."name" FROM "cities_city" WHERE "cities_city"."id" = 15 LIMIT 21; args=(15,)
DEBUG 2021-10-06 10:22:41,106 utils (0.000) SELECT "trains_train"."id", "trains_train"."name", "trains_train"."travel_time", "trains_train"."from_city_id", "trains_train"."to_city_id" FROM "trains_train" ORDER BY "trains_train"."travel_time" ASC; args=()
DEBUG 2021-10-06 10:22:41,121 utils (0.000) SELECT "cities_city"."id", "cities_city"."name" FROM "cities_city" WHERE "cities_city"."id" = 5 LIMIT 21; args=(5,)
DEBUG 2021-10-06 10:22:41,123 utils (0.000) SELECT "cities_city"."id", "cities_city"."name" FROM "cities_city" WHERE "cities_city"."id" = 15 LIMIT 21; args=(15,)
DEBUG 2021-10-06 10:22:41,127 utils (0.000) SELECT "cities_city"."id", "cities_city"."name" FROM "cities_city" ORDER BY "cities_city"."name" ASC; args=()
DEBUG 2021-10-06 10:22:41,133 utils (0.000) SELECT "cities_city"."id", "cities_city"."name" FROM "cities_city" ORDER BY "cities_city"."name" ASC; args=()
DEBUG 2021-10-06 10:22:41,136 utils (0.000) SELECT "cities_city"."id", "cities_city"."name" FROM "cities_city" ORDER BY "cities_city"."name" ASC; args=()
DEBUG 2021-10-06 10:23:37,699 utils (0.000) 
            SELECT name, type FROM sqlite_master
            WHERE type in ('table', 'view') AND NOT name='sqlite_sequence'
            ORDER BY name; args=None
DEBUG 2021-10-06 10:23:37,704 utils (0.000) SELECT "django_migrations"."id", "django_migrations"."app", "django_migrations"."name", "django_migrations"."applied" FROM "django_migrations"; args=()
DEBUG 2021-10-06 10:23:54,301 utils (0.000) SELECT "cities_city"."id", "cities_city"."name" FROM "cities_city" WHERE "cities_city"."id" = 5 LIMIT 21; args=(5,)
DEBUG 2021-10-06 10:23:54,302 utils (0.000) SELECT "cities_city"."id", "cities_city"."name" FROM "cities_city" WHERE "cities_city"."id" = 15 LIMIT 21; args=(15,)
DEBUG 2021-10-06 10:23:54,305 utils (0.000) SELECT "trains_train"."id", "trains_train"."name", "trains_train"."travel_time", "trains_train"."from_city_id", "trains_train"."to_city_id", "cities_city"."id", "cities_city"."name", T3."id", T3."name" FROM "trains_train" INNER JOIN "cities_city" ON ("trains_train"."from_city_id" = "cities_city"."id") INNER JOIN "cities_city" T3 ON ("trains_train"."to_city_id" = T3."id") ORDER BY "trains_train"."travel_time" ASC; args=()
DEBUG 2021-10-06 10:23:54,338 utils (0.000) SELECT "cities_city"."id", "cities_city"."name" FROM "cities_city" ORDER BY "cities_city"."name" ASC; args=()
DEBUG 2021-10-06 10:23:54,352 utils (0.000) SELECT "cities_city"."id", "cities_city"."name" FROM "cities_city" ORDER BY "cities_city"."name" ASC; args=()
DEBUG 2021-10-06 10:23:54,359 utils (0.000) SELECT "cities_city"."id", "cities_city"."name" FROM "cities_city" ORDER BY "cities_city"."name" ASC; args=()
